<?xml version="1.0" encoding="UTF-8"?>
<testsuites name="KatalonSuite" time="45" tests="0" failures="1" errors="0">
   <testsuite name="KatalonSuite" tests="0" failures="1" errors="0" time="45" timestamp="2018-07-05 10:08:59" hostname="Acer - DESKTOP-O5SIUU5" id="Test Suites/KatalonSuite">
      <properties>
         <property name="deviceName" value=""/>
         <property name="devicePlatform" value=""/>
         <property name="logFolder" value="C:\\Users\\Acer\\Katalon Studio\\KatalonTutorial\\Reports\\KatalonSuite\\20180705_100847"/>
         <property name="logFiles" value="C:\\Users\\Acer\\Katalon Studio\\KatalonTutorial\\Reports\\KatalonSuite\\20180705_100847\\execution0.log"/>
         <property name="attachments" value="C:\\Users\\Acer\\Katalon Studio\\KatalonTutorial\\Reports\\KatalonSuite\\20180705_100847\\1530764685414.png"/>
         <property name="hostName" value="Acer - DESKTOP-O5SIUU5"/>
         <property name="os" value="Windows 10 64bit"/>
         <property name="katalonVersion" value="5.4.2.1"/>
         <property name="browser" value="Firefox 61.0"/>
         <property name="hostAddress" value="192.168.210.2"/>
         <property name="sessionId" value="18f7762f-b768-4381-9757-5feac6cf75c6"/>
         <property name="seleniumVersion" value="3.7.1"/>
         <property name="proxyInformation" value="ProxyInformation{proxyOption=NO_PROXY, proxyServerType=HTTP, password=, proxyServerAddress=, proxyServerPort=0}"/>
         <property name="platform" value="Windows 10"/>
      </properties>
      <testcase name="Test Cases/WebRegressionTest" classname="Test Cases/WebRegressionTest" status="FAILED">
         <failure type="FAILED" message="Unable to set text 'Pratik' of object 'Object Repository/Page_Execute Automation/input_UserName' (Root cause: com.kms.katalon.core.webui.exception.WebElementNotFoundException: Web element with id: 'Object Repository/Page_Execute Automation/input_UserName' located by 'By.xpath: id(&quot;userName&quot;)/p[1]/input[1]' not found)"/>
         <system-out><![CDATA[2018-07-05 10:09:00 - [TEST_CASE][FAILED] - Test Cases/WebRegressionTest: Test Cases/WebRegressionTest FAILED because (of) Unable to set text 'Pratik' of object 'Object Repository/Page_Execute Automation/input_UserName' (Root cause: com.kms.katalon.core.webui.exception.WebElementNotFoundException: Web element with id: 'Object Repository/Page_Execute Automation/input_UserName' located by 'By.xpath: id("userName")/p[1]/input[1]' not found)

2018-07-05 10:09:00 - [TEST_STEP][PASSED] - Start listener action : sampleBeforeTestCase: Browser is opened with url: 'http://executeautomation.com/demosite/Login.html'

2018-07-05 10:09:00 - [TEST_STEP][PASSED] - Statement - println(testCaseContext.getTestCaseId()): null

2018-07-05 10:09:00 - [TEST_STEP][PASSED] - Statement - println(testCaseContext.getTestCaseVariables()): null

2018-07-05 10:09:00 - [TEST_STEP][PASSED] - openBrowser: Browser is opened with url: 'http://executeautomation.com/demosite/Login.html'

2018-07-05 10:09:09 - [MESSAGE][PASSED] - Browser is opened with url: 'http://executeautomation.com/demosite/Login.html'

2018-07-05 10:09:09 - [TEST_STEP][PASSED] - Statement - For ([i = 1, i <= com.kms.katalon.core.testdata.TestDataFactory.findTestData(user_details).getRowNumbers(), (i++)]): Reading excel file with source file 'C:\Users\Acer\Desktop\user_details.xlsx' and sheet name 'Sheet1'

2018-07-05 10:09:10 - [TEST_STEP][PASSED] - Statement - user_detail(com.kms.katalon.core.testdata.TestDataFactory.findTestData(user_details).getValue("Username", i), com.kms.katalon.core.testdata.TestDataFactory.findTestData(user_details).getValue("Password", i)): Reading excel file with source file 'C:\Users\Acer\Desktop\user_details.xlsx' and sheet name 'Sheet1'

2018-07-05 10:09:10 - [TEST_STEP][PASSED] - setText: Text 'Yangjee' is set on object 'Object Repository/Page_Execute Automation/input_UserName'

2018-07-05 10:09:10 - [MESSAGE][PASSED] - Text 'Yangjee' is set on object 'Object Repository/Page_Execute Automation/input_UserName'

2018-07-05 10:09:10 - [TEST_STEP][PASSED] - setText: Reading excel file with source file 'C:\Users\Acer\Desktop\user_details.xlsx' and sheet name 'Sheet1'

2018-07-05 10:09:10 - [MESSAGE][PASSED] - Text '123' is set on object 'Object Repository/Page_Execute Automation/input_Password'

2018-07-05 10:09:10 - [TEST_STEP][PASSED] - click: Object: 'Object Repository/Page_Execute Automation/input_Login' is clicked on

2018-07-05 10:09:11 - [MESSAGE][PASSED] - Object: 'Object Repository/Page_Execute Automation/input_Login' is clicked on

2018-07-05 10:09:11 - [TEST_STEP][PASSED] - selectOptionByValue: All options with value '2' are selected in object 'Object Repository/Page_Execute Automation/select_SelectMr.Ms.'  using regular expression

2018-07-05 10:09:11 - [MESSAGE][PASSED] - All options with value '2' are selected in object 'Object Repository/Page_Execute Automation/select_SelectMr.Ms.'  using regular expression

2018-07-05 10:09:11 - [TEST_STEP][PASSED] - com.kt.utility.CommonUtility.CheckdropdownlistElementExits: com.kt.utility.CommonUtility.CheckdropdownlistElementExits is PASSED

2018-07-05 10:09:12 - [MESSAGE][PASSED] - com.kt.utility.CommonUtility.CheckdropdownlistElementExits is PASSED

2018-07-05 10:09:12 - [TEST_STEP][PASSED] - setText: Text 'initial1' is set on object 'Object Repository/Page_Execute Automation/input_Initial'

2018-07-05 10:09:12 - [MESSAGE][PASSED] - Text 'initial1' is set on object 'Object Repository/Page_Execute Automation/input_Initial'

2018-07-05 10:09:12 - [TEST_STEP][PASSED] - setText: Text 'Yangjee' is set on object 'Object Repository/Page_Execute Automation/input_FirstName'

2018-07-05 10:09:12 - [MESSAGE][PASSED] - Text 'Yangjee' is set on object 'Object Repository/Page_Execute Automation/input_FirstName'

2018-07-05 10:09:12 - [TEST_STEP][PASSED] - setText: Text 'Rai' is set on object 'Object Repository/Page_Execute Automation/input_MiddleName'

2018-07-05 10:09:12 - [MESSAGE][PASSED] - Text 'Rai' is set on object 'Object Repository/Page_Execute Automation/input_MiddleName'

2018-07-05 10:09:12 - [TEST_STEP][PASSED] - click: Object: 'Object Repository/Page_Execute Automation/input_Female' is clicked on

2018-07-05 10:09:12 - [MESSAGE][PASSED] - Object: 'Object Repository/Page_Execute Automation/input_Female' is clicked on

2018-07-05 10:09:12 - [TEST_STEP][PASSED] - click: Object: 'Object Repository/Page_Execute Automation/input_Save' is clicked on

2018-07-05 10:09:12 - [MESSAGE][PASSED] - Object: 'Object Repository/Page_Execute Automation/input_Save' is clicked on

2018-07-05 10:09:12 - [TEST_STEP][PASSED] - click: Object: 'Object Repository/Page_Execute Automation/a_HtmlPopup' is clicked on

2018-07-05 10:09:13 - [MESSAGE][PASSED] - Object: 'Object Repository/Page_Execute Automation/a_HtmlPopup' is clicked on

2018-07-05 10:09:13 - [TEST_STEP][PASSED] - switchToWindowIndex: Switched to window with index: '1'

2018-07-05 10:09:13 - [MESSAGE][PASSED] - Switched to window with index: '1'

2018-07-05 10:09:13 - [TEST_STEP][PASSED] - selectOptionByValue: All options with value '2' are selected in object 'Object Repository/Page_Popup Window/select_SelectMr.Ms.'  using regular expression

2018-07-05 10:09:14 - [MESSAGE][PASSED] - All options with value '2' are selected in object 'Object Repository/Page_Popup Window/select_SelectMr.Ms.'  using regular expression

2018-07-05 10:09:14 - [TEST_STEP][PASSED] - setText: Text 'initial1' is set on object 'Object Repository/Page_Popup Window/input_Initial'

2018-07-05 10:09:14 - [MESSAGE][PASSED] - Text 'initial1' is set on object 'Object Repository/Page_Popup Window/input_Initial'

2018-07-05 10:09:14 - [TEST_STEP][PASSED] - setText: Text 'Yangjee' is set on object 'Object Repository/Page_Popup Window/input_FirstName'

2018-07-05 10:09:14 - [MESSAGE][PASSED] - Text 'Yangjee' is set on object 'Object Repository/Page_Popup Window/input_FirstName'

2018-07-05 10:09:14 - [TEST_STEP][PASSED] - setText: Text 'Rai' is set on object 'Object Repository/Page_Popup Window/input_MiddleName'

2018-07-05 10:09:14 - [MESSAGE][PASSED] - Text 'Rai' is set on object 'Object Repository/Page_Popup Window/input_MiddleName'

2018-07-05 10:09:14 - [TEST_STEP][PASSED] - setText: Text 'Rai' is set on object 'Object Repository/Page_Popup Window/input_LastName'

2018-07-05 10:09:14 - [MESSAGE][PASSED] - Text 'Rai' is set on object 'Object Repository/Page_Popup Window/input_LastName'

2018-07-05 10:09:14 - [TEST_STEP][PASSED] - switchToWindowIndex: Switched to window with index: '0'

2018-07-05 10:09:14 - [MESSAGE][PASSED] - Switched to window with index: '0'

2018-07-05 10:09:14 - [TEST_STEP][PASSED] - click: Object: 'Object Repository/Page_Execute Automation/input_generate' is clicked on

2018-07-05 10:09:14 - [MESSAGE][PASSED] - Object: 'Object Repository/Page_Execute Automation/input_generate' is clicked on

2018-07-05 10:09:14 - [TEST_STEP][PASSED] - Statement - user_detail(com.kms.katalon.core.testdata.TestDataFactory.findTestData(user_details).getValue("Username", i), com.kms.katalon.core.testdata.TestDataFactory.findTestData(user_details).getValue("Password", i)): Reading excel file with source file 'C:\Users\Acer\Desktop\user_details.xlsx' and sheet name 'Sheet1'

2018-07-05 10:09:15 - [TEST_STEP][FAILED] - setText: Unable to set text 'Pratik' of object 'Object Repository/Page_Execute Automation/input_UserName' (Root cause: com.kms.katalon.core.webui.exception.WebElementNotFoundException: Web element with id: 'Object Repository/Page_Execute Automation/input_UserName' located by 'By.xpath: id("userName")/p[1]/input[1]' not found)

2018-07-05 10:09:45 - [MESSAGE][FAILED] - Unable to set text 'Pratik' of object 'Object Repository/Page_Execute Automation/input_UserName' (Root cause: com.kms.katalon.core.webui.exception.WebElementNotFoundException: Web element with id: 'Object Repository/Page_Execute Automation/input_UserName' located by 'By.xpath: id("userName")/p[1]/input[1]' not found)
[[ATTACHMENT|C:\\Users\\Acer\\Katalon Studio\\KatalonTutorial\\Reports\\KatalonSuite\\20180705_100847\\1530764685414.png]]

2018-07-05 10:09:45 - [TEST_STEP][PASSED] - Start listener action : sampleAfterTestCase: Browser is closed

2018-07-05 10:09:45 - [TEST_STEP][PASSED] - Statement - println(testCaseContext.getTestCaseId()): null

2018-07-05 10:09:45 - [TEST_STEP][PASSED] - Statement - println(testCaseContext.getTestCaseStatus()): null

2018-07-05 10:09:45 - [TEST_STEP][PASSED] - closeBrowser: Browser is closed

2018-07-05 10:09:45 - [MESSAGE][PASSED] - Browser is closed]]></system-out>
         <system-err><![CDATA[2018-07-05 10:09:00 - [TEST_CASE][FAILED] - Test Cases/WebRegressionTest: Test Cases/WebRegressionTest FAILED because (of) Unable to set text 'Pratik' of object 'Object Repository/Page_Execute Automation/input_UserName' (Root cause: com.kms.katalon.core.webui.exception.WebElementNotFoundException: Web element with id: 'Object Repository/Page_Execute Automation/input_UserName' located by 'By.xpath: id("userName")/p[1]/input[1]' not found)]]></system-err>
      </testcase>
      <system-out><![CDATA[2018-07-05 10:08:59 - [TEST_SUITE][FAILED] - KatalonSuite: Test Cases/WebRegressionTest FAILED because (of) Unable to set text 'Pratik' of object 'Object Repository/Page_Execute Automation/input_UserName' (Root cause: com.kms.katalon.core.webui.exception.WebElementNotFoundException: Web element with id: 'Object Repository/Page_Execute Automation/input_UserName' located by 'By.xpath: id("userName")/p[1]/input[1]' not found)]]></system-out>
      <system-err><![CDATA[2018-07-05 10:08:59 - [TEST_SUITE][FAILED] - KatalonSuite: Test Cases/WebRegressionTest FAILED because (of) Unable to set text 'Pratik' of object 'Object Repository/Page_Execute Automation/input_UserName' (Root cause: com.kms.katalon.core.webui.exception.WebElementNotFoundException: Web element with id: 'Object Repository/Page_Execute Automation/input_UserName' located by 'By.xpath: id("userName")/p[1]/input[1]' not found)]]></system-err>
   </testsuite>
</testsuites>
