{"devicePlatform":"","logFolder":"C:\\Users\\Acer\\Katalon Studio\\HiUpAutomation\\Reports\\HiUpTestSuite\\20180703_121213","runData":{"hostName":"Acer - DESKTOP-O5SIUU5","os":"Windows 10 64bit","katalonVersion":"5.4.2.1","deviceOS":"Android","deviceModel":"SM-G935F","hostAddress":"192.168.210.2","deviceManufacturer":"samsung","deviceId":"ce12160cab7a2c4b0c","deviceName":"samsung SM-G935F (Android 8.0.0)","deviceOSVersion":"8.0.0"},"type":"TEST_SUITE","name":"HiUpTestSuite","id":"Test Suites/HiUpTestSuite","source":"","message":"Test Cases/SettingsAndMoreTest","description":"","startTime":1530599239858,"endTime":1530599296681,"childRecords":[{"isOptional":false,"type":"TEST_CASE","name":"Test Cases/HiUP_LoginTest","id":"Test Cases/HiUP_LoginTest","source":"C:\\\\Users\\\\Acer\\\\Katalon Studio\\\\HiUpAutomation\\\\Test Cases\\\\HiUP_LoginTest.tc","message":"Test Cases/HiUP_LoginTest","description":"","startTime":1530599240422,"endTime":1530599295095,"childRecords":[{"testStatus":{"stackTrace":"","statusValue":"INFO"},"type":"MESSAGE","name":"","message":"Evaluating variables for test case","startTime":1530599240467,"endTime":0,"childRecords":[],"interuppted":false},{"index":1,"isIgnoredIfFailed":false,"type":"TEST_STEP","name":"Statement - Try","message":"Unable to start app at: \u0027C:\\Users\\Acer\\Desktop\\HiUp_uat_apk\\HIUP-2.2.2(68).apk\u0027 (Root cause: org.openqa.selenium.WebDriverException: An unknown server-side error occurred while processing the command. Original error: Error executing adbExec. Original error: \u0027Command \u0027C\\:\\\\Users\\\\Acer\\\\.katalon\\\\tools\\\\android_sdk\\\\platform-tools\\\\adb.exe -P 5037 -s ce12160cab7a2c4b0c install C\\:\\\\Users\\\\Acer\\\\AppData\\\\Roaming\\\\npm\\\\node_modules\\\\appium\\\\node_modules\\\\appium-uiautomator2-server\\\\apks\\\\appium-uiautomator2-server-v1.12.0.apk\u0027 timed out after 20000ms\u0027; Stderr: \u0027\u0027; Code: \u0027null\u0027 (WARNING: The server did not provide any stacktrace information)\nCommand duration or timeout: 48.24 seconds\nBuild info: version: \u00273.7.1\u0027, revision: \u00278a0099a\u0027, time: \u00272017-11-06T21:07:36.161Z\u0027\nSystem info: host: \u0027DESKTOP-O5SIUU5\u0027, ip: \u0027192.168.210.2\u0027, os.name: \u0027Windows 10\u0027, os.arch: \u0027amd64\u0027, os.version: \u002710.0\u0027, java.version: \u00271.8.0_102\u0027\nDriver info: driver.version: SwipeableAndroidDriver)","description":"","startTime":1530599240796,"endTime":1530599295051,"childRecords":[{"index":1,"isIgnoredIfFailed":false,"type":"TEST_STEP","name":"Statement - email \u003d \"jmeter12345@gmail.com\"","description":"","startTime":1530599240798,"endTime":1530599240798,"childRecords":[],"interuppted":false},{"index":2,"isIgnoredIfFailed":false,"type":"TEST_STEP","name":"Statement - pass \u003d \"y@nzEE2018\"","description":"","startTime":1530599240798,"endTime":1530599240798,"childRecords":[],"interuppted":false},{"index":3,"isIgnoredIfFailed":false,"type":"TEST_STEP","name":"startApplication","message":"Unable to start app at: \u0027C:\\Users\\Acer\\Desktop\\HiUp_uat_apk\\HIUP-2.2.2(68).apk\u0027 (Root cause: org.openqa.selenium.WebDriverException: An unknown server-side error occurred while processing the command. Original error: Error executing adbExec. Original error: \u0027Command \u0027C\\:\\\\Users\\\\Acer\\\\.katalon\\\\tools\\\\android_sdk\\\\platform-tools\\\\adb.exe -P 5037 -s ce12160cab7a2c4b0c install C\\:\\\\Users\\\\Acer\\\\AppData\\\\Roaming\\\\npm\\\\node_modules\\\\appium\\\\node_modules\\\\appium-uiautomator2-server\\\\apks\\\\appium-uiautomator2-server-v1.12.0.apk\u0027 timed out after 20000ms\u0027; Stderr: \u0027\u0027; Code: \u0027null\u0027 (WARNING: The server did not provide any stacktrace information)\nCommand duration or timeout: 48.24 seconds\nBuild info: version: \u00273.7.1\u0027, revision: \u00278a0099a\u0027, time: \u00272017-11-06T21:07:36.161Z\u0027\nSystem info: host: \u0027DESKTOP-O5SIUU5\u0027, ip: \u0027192.168.210.2\u0027, os.name: \u0027Windows 10\u0027, os.arch: \u0027amd64\u0027, os.version: \u002710.0\u0027, java.version: \u00271.8.0_102\u0027\nDriver info: driver.version: SwipeableAndroidDriver)","description":"","startTime":1530599240798,"endTime":1530599295050,"childRecords":[{"testStatus":{"stackTrace":"","statusValue":"FAILED"},"type":"MESSAGE","name":"","message":"Unable to start app at: \u0027C:\\Users\\Acer\\Desktop\\HiUp_uat_apk\\HIUP-2.2.2(68).apk\u0027 (Root cause: org.openqa.selenium.WebDriverException: An unknown server-side error occurred while processing the command. Original error: Error executing adbExec. Original error: \u0027Command \u0027C\\:\\\\Users\\\\Acer\\\\.katalon\\\\tools\\\\android_sdk\\\\platform-tools\\\\adb.exe -P 5037 -s ce12160cab7a2c4b0c install C\\:\\\\Users\\\\Acer\\\\AppData\\\\Roaming\\\\npm\\\\node_modules\\\\appium\\\\node_modules\\\\appium-uiautomator2-server\\\\apks\\\\appium-uiautomator2-server-v1.12.0.apk\u0027 timed out after 20000ms\u0027; Stderr: \u0027\u0027; Code: \u0027null\u0027 (WARNING: The server did not provide any stacktrace information)\nCommand duration or timeout: 48.24 seconds\nBuild info: version: \u00273.7.1\u0027, revision: \u00278a0099a\u0027, time: \u00272017-11-06T21:07:36.161Z\u0027\nSystem info: host: \u0027DESKTOP-O5SIUU5\u0027, ip: \u0027192.168.210.2\u0027, os.name: \u0027Windows 10\u0027, os.arch: \u0027amd64\u0027, os.version: \u002710.0\u0027, java.version: \u00271.8.0_102\u0027\nDriver info: driver.version: SwipeableAndroidDriver)","startTime":1530599295049,"endTime":0,"childRecords":[],"interuppted":false}],"interuppted":false}],"interuppted":false},{"index":2,"isIgnoredIfFailed":false,"type":"TEST_STEP","name":"Statement - Catch (Exception e)","description":"","startTime":1530599295052,"endTime":1530599295094,"childRecords":[{"index":1,"isIgnoredIfFailed":false,"type":"TEST_STEP","name":"Statement - out.println(\"Unable to login\")","description":"","startTime":1530599295053,"endTime":1530599295066,"childRecords":[],"interuppted":false},{"index":2,"isIgnoredIfFailed":false,"type":"TEST_STEP","name":"Statement - out.println(e.getMessage())","description":"","startTime":1530599295067,"endTime":1530599295090,"childRecords":[],"interuppted":false}],"interuppted":false},{"testStatus":{"stackTrace":"","statusValue":"PASSED"},"type":"MESSAGE","name":"","message":"Test Cases/HiUP_LoginTest","startTime":1530599295094,"endTime":0,"childRecords":[],"interuppted":false}],"interuppted":false},{"isOptional":false,"type":"TEST_CASE","name":"Test Cases/WalletTest","id":"Test Cases/WalletTest","source":"C:\\\\Users\\\\Acer\\\\Katalon Studio\\\\HiUpAutomation\\\\Test Cases\\\\WalletTest.tc","message":"Test Cases/WalletTest","description":"","startTime":1530599295100,"endTime":1530599295472,"childRecords":[{"testStatus":{"stackTrace":"","statusValue":"INFO"},"type":"MESSAGE","name":"","message":"Evaluating variables for test case","startTime":1530599295117,"endTime":0,"childRecords":[],"interuppted":false},{"index":1,"isIgnoredIfFailed":false,"type":"TEST_STEP","name":"Statement - Try","message":"Timeout \u00270\u0027 is invalid. Using default page load timeout: \u002730\u0027","description":"","startTime":1530599295356,"endTime":1530599295458,"childRecords":[{"index":1,"isIgnoredIfFailed":false,"type":"TEST_STEP","name":"tap","message":"Timeout \u00270\u0027 is invalid. Using default page load timeout: \u002730\u0027","description":"","startTime":1530599295358,"endTime":1530599295458,"childRecords":[{"testStatus":{"stackTrace":"","statusValue":"WARNING"},"type":"MESSAGE","name":"","message":"Timeout \u00270\u0027 is invalid. Using default page load timeout: \u002730\u0027","startTime":1530599295429,"endTime":0,"childRecords":[],"interuppted":false}],"interuppted":false}],"interuppted":false},{"index":2,"isIgnoredIfFailed":false,"type":"TEST_STEP","name":"Statement - Catch (Exception e)","description":"","startTime":1530599295459,"endTime":1530599295470,"childRecords":[{"index":1,"isIgnoredIfFailed":false,"type":"TEST_STEP","name":"Statement - out.println(\"Unable test Wallet Menu.\")","description":"","startTime":1530599295461,"endTime":1530599295462,"childRecords":[],"interuppted":false},{"index":2,"isIgnoredIfFailed":false,"type":"TEST_STEP","name":"Statement - out.println(e.getMessage())","description":"","startTime":1530599295463,"endTime":1530599295470,"childRecords":[],"interuppted":false}],"interuppted":false},{"testStatus":{"stackTrace":"","statusValue":"PASSED"},"type":"MESSAGE","name":"","message":"Test Cases/WalletTest","startTime":1530599295471,"endTime":0,"childRecords":[],"interuppted":false}],"interuppted":false},{"isOptional":false,"type":"TEST_CASE","name":"Test Cases/SettingsAndMoreTest","id":"Test Cases/SettingsAndMoreTest","source":"C:\\\\Users\\\\Acer\\\\Katalon Studio\\\\HiUpAutomation\\\\Test Cases\\\\SettingsAndMoreTest.tc","message":"Test Cases/SettingsAndMoreTest","description":"","startTime":1530599295475,"endTime":1530599295761,"childRecords":[{"testStatus":{"stackTrace":"","statusValue":"INFO"},"type":"MESSAGE","name":"","message":"Evaluating variables for test case","startTime":1530599295488,"endTime":0,"childRecords":[],"interuppted":false},{"index":1,"isIgnoredIfFailed":false,"type":"TEST_STEP","name":"Statement - Try","message":"Timeout \u00270\u0027 is invalid. Using default page load timeout: \u002730\u0027","description":"","startTime":1530599295700,"endTime":1530599295737,"childRecords":[{"index":1,"isIgnoredIfFailed":false,"type":"TEST_STEP","name":"tap","message":"Timeout \u00270\u0027 is invalid. Using default page load timeout: \u002730\u0027","description":"","startTime":1530599295715,"endTime":1530599295737,"childRecords":[{"testStatus":{"stackTrace":"","statusValue":"WARNING"},"type":"MESSAGE","name":"","message":"Timeout \u00270\u0027 is invalid. Using default page load timeout: \u002730\u0027","startTime":1530599295721,"endTime":0,"childRecords":[],"interuppted":false}],"interuppted":false}],"interuppted":false},{"index":2,"isIgnoredIfFailed":false,"type":"TEST_STEP","name":"Statement - Catch (Exception e)","description":"","startTime":1530599295737,"endTime":1530599295761,"childRecords":[{"index":1,"isIgnoredIfFailed":false,"type":"TEST_STEP","name":"Statement - out.println(\"Unable test Settings Menu.\")","description":"","startTime":1530599295737,"endTime":1530599295737,"childRecords":[],"interuppted":false},{"index":2,"isIgnoredIfFailed":false,"type":"TEST_STEP","name":"Statement - out.println(e.getMessage())","description":"","startTime":1530599295737,"endTime":1530599295761,"childRecords":[],"interuppted":false}],"interuppted":false},{"testStatus":{"stackTrace":"","statusValue":"PASSED"},"type":"MESSAGE","name":"","message":"Test Cases/SettingsAndMoreTest","startTime":1530599295761,"endTime":0,"childRecords":[],"interuppted":false}],"interuppted":false}],"interuppted":false}