<?xml version="1.0" encoding="UTF-8"?>
<testsuites name="HiUpTestSuite" time="140" tests="2" failures="1" errors="0">
   <testsuite name="HiUpTestSuite" tests="2" failures="1" errors="0" time="140" timestamp="2018-07-02 15:30:17" hostname="Acer - DESKTOP-O5SIUU5" id="Test Suites/HiUpTestSuite">
      <properties>
         <property name="deviceName" value="samsung SM-G935F (Android 8.0.0)"/>
         <property name="devicePlatform" value=""/>
         <property name="logFolder" value="C:\\Users\\Acer\\Katalon Studio\\HiUpAutomation\\Reports\\HiUpTestSuite\\20180702_153010"/>
         <property name="logFiles" value="C:\\Users\\Acer\\Katalon Studio\\HiUpAutomation\\Reports\\HiUpTestSuite\\20180702_153010\\appium.log, C:\\Users\\Acer\\Katalon Studio\\HiUpAutomation\\Reports\\HiUpTestSuite\\20180702_153010\\execution0.log"/>
         <property name="attachments" value="C:\\Users\\Acer\\Katalon Studio\\HiUpAutomation\\Reports\\HiUpTestSuite\\20180702_153010\\1530524854408.png, C:\\Users\\Acer\\Katalon Studio\\HiUpAutomation\\Reports\\HiUpTestSuite\\20180702_153010\\1530524855245.png"/>
         <property name="hostName" value="Acer - DESKTOP-O5SIUU5"/>
         <property name="os" value="Windows 10 64bit"/>
         <property name="katalonVersion" value="5.4.2.1"/>
         <property name="deviceOS" value="Android"/>
         <property name="appiumVersion" value="1.8.1"/>
         <property name="deviceModel" value="SM-G935F"/>
         <property name="hostAddress" value="192.168.210.2"/>
         <property name="deviceManufacturer" value="samsung"/>
         <property name="deviceId" value="ce12160cab7a2c4b0c"/>
         <property name="deviceName" value="samsung SM-G935F (Android 8.0.0)"/>
         <property name="deviceOSVersion" value="8.0.0"/>
      </properties>
      <testcase name="Test Cases/HiUP_LoginTest" classname="Test Cases/HiUP_LoginTest" status="PASSED">
         <system-out><![CDATA[2018-07-02 15:30:18 - [TEST_CASE][PASSED] - Test Cases/HiUP_LoginTest: Test Cases/HiUP_LoginTest

2018-07-02 15:30:19 - [TEST_STEP][PASSED] - Statement - Try: null

2018-07-02 15:30:19 - [TEST_STEP][PASSED] - Statement - email = "jmeter12345@gmail.com": null

2018-07-02 15:30:19 - [TEST_STEP][PASSED] - Statement - pass = "y@nzEE2018": null

2018-07-02 15:30:19 - [TEST_STEP][PASSED] - startApplication: Started app at: 'C:\Users\Acer\Desktop\HiUp_uat_apk\HIUP-2.2.2(68).apk'

2018-07-02 15:31:03 - [MESSAGE][PASSED] - Started app at: 'C:\Users\Acer\Desktop\HiUp_uat_apk\HIUP-2.2.2(68).apk'

2018-07-02 15:31:03 - [TEST_STEP][PASSED] - tap: Tapped on element 'Object Repository/android.widget.LinearLayout22'

2018-07-02 15:31:03 - [MESSAGE][WARNING] - Timeout '0' is invalid. Using default page load timeout: '30'

2018-07-02 15:31:09 - [MESSAGE][PASSED] - Tapped on element 'Object Repository/android.widget.LinearLayout22'

2018-07-02 15:31:09 - [TEST_STEP][PASSED] - tap: Tapped on element 'Object Repository/android.widget.ImageView18'

2018-07-02 15:31:09 - [MESSAGE][WARNING] - Timeout '0' is invalid. Using default page load timeout: '30'

2018-07-02 15:31:12 - [MESSAGE][PASSED] - Tapped on element 'Object Repository/android.widget.ImageView18'

2018-07-02 15:31:12 - [TEST_STEP][PASSED] - tap: Tapped on element 'Object Repository/android.support.v7.widget.LinearLayoutCompat8'

2018-07-02 15:31:12 - [MESSAGE][WARNING] - Timeout '0' is invalid. Using default page load timeout: '30'

2018-07-02 15:31:16 - [MESSAGE][PASSED] - Tapped on element 'Object Repository/android.support.v7.widget.LinearLayoutCompat8'

2018-07-02 15:31:16 - [TEST_STEP][PASSED] - tap: Tapped on element 'Object Repository/android.widget.Button0 - Sign in'

2018-07-02 15:31:16 - [MESSAGE][WARNING] - Timeout '0' is invalid. Using default page load timeout: '30'

2018-07-02 15:31:17 - [MESSAGE][PASSED] - Tapped on element 'Object Repository/android.widget.Button0 - Sign in'

2018-07-02 15:31:17 - [TEST_STEP][PASSED] - tap: Tapped on element 'Object Repository/android.widget.Button1 - LOGIN'

2018-07-02 15:31:17 - [MESSAGE][WARNING] - Timeout '0' is invalid. Using default page load timeout: '30'

2018-07-02 15:31:19 - [MESSAGE][PASSED] - Tapped on element 'Object Repository/android.widget.Button1 - LOGIN'

2018-07-02 15:31:19 - [TEST_STEP][PASSED] - setText: Text 'jmeter12345@gmail.com' has been set to element 'Object Repository/android.widget.EditText0 - Email'

2018-07-02 15:31:19 - [MESSAGE][WARNING] - Timeout '0' is invalid. Using default page load timeout: '30'

2018-07-02 15:31:22 - [MESSAGE][PASSED] - Text 'jmeter12345@gmail.com' has been set to element 'Object Repository/android.widget.EditText0 - Email'

2018-07-02 15:31:22 - [TEST_STEP][PASSED] - setText: Text 'y@nzEE2018' has been set to element 'Object Repository/android.widget.EditText1 - Password'

2018-07-02 15:31:22 - [MESSAGE][WARNING] - Timeout '0' is invalid. Using default page load timeout: '30'

2018-07-02 15:31:25 - [MESSAGE][PASSED] - Text 'y@nzEE2018' has been set to element 'Object Repository/android.widget.EditText1 - Password'

2018-07-02 15:31:25 - [TEST_STEP][PASSED] - tap: Tapped on element 'Object Repository/android.widget.Button6 - Sign in'

2018-07-02 15:31:25 - [MESSAGE][WARNING] - Timeout '0' is invalid. Using default page load timeout: '30'

2018-07-02 15:31:28 - [MESSAGE][PASSED] - Tapped on element 'Object Repository/android.widget.Button6 - Sign in'

2018-07-02 15:31:28 - [TEST_STEP][PASSED] - tap: Tapped on element 'Object Repository/android.widget.LinearLayout22'

2018-07-02 15:31:28 - [MESSAGE][WARNING] - Timeout '0' is invalid. Using default page load timeout: '30'

2018-07-02 15:31:42 - [MESSAGE][PASSED] - Tapped on element 'Object Repository/android.widget.LinearLayout22'

2018-07-02 15:31:42 - [TEST_STEP][PASSED] - tap: Tapped on element 'Object Repository/android.widget.ImageView18'

2018-07-02 15:31:42 - [MESSAGE][WARNING] - Timeout '0' is invalid. Using default page load timeout: '30'

2018-07-02 15:31:44 - [MESSAGE][PASSED] - Tapped on element 'Object Repository/android.widget.ImageView18'

2018-07-02 15:31:44 - [TEST_STEP][PASSED] - tap: Tapped on element 'Object Repository/android.widget.CheckedTextView3 - Profile'

2018-07-02 15:31:44 - [MESSAGE][WARNING] - Timeout '0' is invalid. Using default page load timeout: '30'

2018-07-02 15:31:46 - [MESSAGE][PASSED] - Tapped on element 'Object Repository/android.widget.CheckedTextView3 - Profile'

2018-07-02 15:31:46 - [TEST_STEP][PASSED] - Statement - java.lang.Thread.sleep(5000): null

2018-07-02 15:31:51 - [TEST_STEP][PASSED] - Statement - result = com.kms.katalon.core.mobile.keyword.MobileBuiltInKeywords.getText(com.kms.katalon.core.testobject.ObjectRepository.findTestObject(prof_email), 0): Text of element 'Object Repository/prof_email' is: 'jmeter12345@gmail.com'

2018-07-02 15:31:51 - [MESSAGE][WARNING] - Timeout '0' is invalid. Using default page load timeout: '30'

2018-07-02 15:31:52 - [MESSAGE][PASSED] - Text of element 'Object Repository/prof_email' is: 'jmeter12345@gmail.com'

2018-07-02 15:31:52 - [TEST_STEP][PASSED] - Statement - out.println(result): null

2018-07-02 15:31:52 - [TEST_STEP][PASSED] - Statement - If (result.equalsIgnoreCase(email)): null

2018-07-02 15:31:52 - [TEST_STEP][PASSED] - Statement - out.println("Successfully logged in"): null]]></system-out>
         <system-err><![CDATA[]]></system-err>
      </testcase>
      <testcase name="Test Cases/TraningMycourseTest" classname="Test Cases/TraningMycourseTest" status="PASSED">
         <system-out><![CDATA[2018-07-02 15:31:52 - [TEST_CASE][PASSED] - Test Cases/TraningMycourseTest: Test Cases/TraningMycourseTest

2018-07-02 15:31:52 - [TEST_STEP][PASSED] - Statement - driver = com.kms.katalon.core.mobile.keyword.internal.MobileDriverFactory.getDriver(): null

2018-07-02 15:31:52 - [TEST_STEP][PASSED] - Statement - Try: null

2018-07-02 15:31:52 - [TEST_STEP][PASSED] - tap: Tapped on element 'Object Repository/android.widget.LinearLayout22'

2018-07-02 15:31:52 - [MESSAGE][WARNING] - Timeout '0' is invalid. Using default page load timeout: '30'

2018-07-02 15:31:54 - [MESSAGE][PASSED] - Tapped on element 'Object Repository/android.widget.LinearLayout22'

2018-07-02 15:31:54 - [TEST_STEP][PASSED] - tap: Tapped on element 'Object Repository/android.widget.ImageView18'

2018-07-02 15:31:54 - [MESSAGE][WARNING] - Timeout '0' is invalid. Using default page load timeout: '30'

2018-07-02 15:31:55 - [MESSAGE][PASSED] - Tapped on element 'Object Repository/android.widget.ImageView18'

2018-07-02 15:31:55 - [TEST_STEP][PASSED] - tap: Tapped on element 'Object Repository/android.support.v7.widget.LinearLayoutCompat4'

2018-07-02 15:31:55 - [MESSAGE][WARNING] - Timeout '0' is invalid. Using default page load timeout: '30'

2018-07-02 15:31:57 - [MESSAGE][PASSED] - Tapped on element 'Object Repository/android.support.v7.widget.LinearLayoutCompat4'

2018-07-02 15:31:57 - [TEST_STEP][PASSED] - tap: Tapped on element 'Object Repository/android.widget.Button1 - My courses'

2018-07-02 15:31:57 - [MESSAGE][WARNING] - Timeout '0' is invalid. Using default page load timeout: '30'

2018-07-02 15:32:00 - [MESSAGE][PASSED] - Tapped on element 'Object Repository/android.widget.Button1 - My courses'

2018-07-02 15:32:00 - [TEST_STEP][PASSED] - Statement - java.lang.Thread.sleep(2000): null

2018-07-02 15:32:02 - [TEST_STEP][PASSED] - Statement - title = driver.findElement(org.openqa.selenium.By.id("co.olivemedia.hihoandroidwebapp:id/tv_title_layout_user_training_course_purchase")): null

2018-07-02 15:32:02 - [TEST_STEP][PASSED] - Statement - text = title.getText(): null

2018-07-02 15:32:03 - [TEST_STEP][PASSED] - Statement - If (text.equals("My training")): null

2018-07-02 15:32:03 - [TEST_STEP][PASSED] - Statement - out.println("My courses list has been opened."): null]]></system-out>
         <system-err><![CDATA[]]></system-err>
      </testcase>
      <testcase name="Test Cases/LogOutTest" classname="Test Cases/LogOutTest" status="FAILED">
         <failure type="FAILED" message="Failed to check for element 'Object Repository/android.widget.TextView0 - Job page' exist (Root cause: Element 'Object Repository/android.widget.TextView0 - Job page' not found)"/>
         <system-out><![CDATA[2018-07-02 15:32:03 - [TEST_CASE][FAILED] - Test Cases/LogOutTest: Test Cases/LogOutTest FAILED because (of) Failed to check for element 'Object Repository/android.widget.TextView0 - Job page' exist (Root cause: Element 'Object Repository/android.widget.TextView0 - Job page' not found)

2018-07-02 15:32:03 - [TEST_STEP][PASSED] - tap: Tapped on element 'Object Repository/android.widget.LinearLayout22'

2018-07-02 15:32:03 - [MESSAGE][WARNING] - Timeout '0' is invalid. Using default page load timeout: '30'

2018-07-02 15:32:05 - [MESSAGE][PASSED] - Tapped on element 'Object Repository/android.widget.LinearLayout22'

2018-07-02 15:32:05 - [TEST_STEP][PASSED] - tap: Tapped on element 'Object Repository/android.widget.ImageView18'

2018-07-02 15:32:05 - [MESSAGE][WARNING] - Timeout '0' is invalid. Using default page load timeout: '30'

2018-07-02 15:32:07 - [MESSAGE][PASSED] - Tapped on element 'Object Repository/android.widget.ImageView18'

2018-07-02 15:32:07 - [TEST_STEP][PASSED] - tap: Tapped on element 'Object Repository/android.support.v7.widget.LinearLayoutCompat8'

2018-07-02 15:32:07 - [MESSAGE][WARNING] - Timeout '0' is invalid. Using default page load timeout: '30'

2018-07-02 15:32:09 - [MESSAGE][PASSED] - Tapped on element 'Object Repository/android.support.v7.widget.LinearLayoutCompat8'

2018-07-02 15:32:09 - [TEST_STEP][PASSED] - tap: Tapped on element 'Object Repository/android.widget.Button0 - Sign out'

2018-07-02 15:32:09 - [MESSAGE][WARNING] - Timeout '0' is invalid. Using default page load timeout: '30'

2018-07-02 15:32:11 - [MESSAGE][PASSED] - Tapped on element 'Object Repository/android.widget.Button0 - Sign out'

2018-07-02 15:32:11 - [TEST_STEP][PASSED] - tap: Tapped on element 'Object Repository/android.widget.Button1 - YES'

2018-07-02 15:32:11 - [MESSAGE][WARNING] - Timeout '0' is invalid. Using default page load timeout: '30'

2018-07-02 15:32:14 - [MESSAGE][PASSED] - Tapped on element 'Object Repository/android.widget.Button1 - YES'

2018-07-02 15:32:14 - [TEST_STEP][PASSED] - Statement - java.lang.Thread.sleep(10000): null

2018-07-02 15:32:24 - [TEST_STEP][FAILED] - Statement - If (com.kms.katalon.core.mobile.keyword.MobileBuiltInKeywords.verifyElementExist(com.kms.katalon.core.testobject.ObjectRepository.findTestObject(android.widget.TextView0 - Job page), 10)): Failed to check for element 'Object Repository/android.widget.TextView0 - Job page' exist (Root cause: Element 'Object Repository/android.widget.TextView0 - Job page' not found)

2018-07-02 15:32:35 - [MESSAGE][FAILED] - Element 'Object Repository/android.widget.TextView0 - Job page' not found
[[ATTACHMENT|C:\\Users\\Acer\\Katalon Studio\\HiUpAutomation\\Reports\\HiUpTestSuite\\20180702_153010\\1530524854408.png]]

2018-07-02 15:32:36 - [MESSAGE][FAILED] - Failed to check for element 'Object Repository/android.widget.TextView0 - Job page' exist (Root cause: Element 'Object Repository/android.widget.TextView0 - Job page' not found)
[[ATTACHMENT|C:\\Users\\Acer\\Katalon Studio\\HiUpAutomation\\Reports\\HiUpTestSuite\\20180702_153010\\1530524855245.png]]]]></system-out>
         <system-err><![CDATA[2018-07-02 15:32:03 - [TEST_CASE][FAILED] - Test Cases/LogOutTest: Test Cases/LogOutTest FAILED because (of) Failed to check for element 'Object Repository/android.widget.TextView0 - Job page' exist (Root cause: Element 'Object Repository/android.widget.TextView0 - Job page' not found)]]></system-err>
      </testcase>
      <system-out><![CDATA[2018-07-02 15:30:17 - [TEST_SUITE][FAILED] - HiUpTestSuite: Test Cases/LogOutTest FAILED because (of) Failed to check for element 'Object Repository/android.widget.TextView0 - Job page' exist (Root cause: Element 'Object Repository/android.widget.TextView0 - Job page' not found)]]></system-out>
      <system-err><![CDATA[2018-07-02 15:30:17 - [TEST_SUITE][FAILED] - HiUpTestSuite: Test Cases/LogOutTest FAILED because (of) Failed to check for element 'Object Repository/android.widget.TextView0 - Job page' exist (Root cause: Element 'Object Repository/android.widget.TextView0 - Job page' not found)]]></system-err>
   </testsuite>
</testsuites>
