{"devicePlatform":"","logFolder":"C:\\Users\\Acer\\Katalon Studio\\KatalonTutorial\\Reports\\KatalonSuite\\20180705_100852","runData":{"hostName":"Acer - DESKTOP-O5SIUU5","os":"Windows 10 64bit","katalonVersion":"5.4.2.1","browser":"IE 11","hostAddress":"192.168.210.2","sessionId":"15d66c25-99f9-475b-ab63-af1c35cd3302","seleniumVersion":"3.7.1","proxyInformation":"ProxyInformation{proxyOption\u003dNO_PROXY, proxyServerType\u003dHTTP, password\u003d, proxyServerAddress\u003d, proxyServerPort\u003d0}","platform":"Windows 10"},"type":"TEST_SUITE","name":"KatalonSuite","id":"Test Suites/KatalonSuite","source":"","message":"Test Cases/WebRegressionTest FAILED because (of) Unable to set text \u0027Yangjee\u0027 of object \u0027Object Repository/Page_Execute Automation/input_UserName\u0027 (Root cause: org.openqa.selenium.NoSuchWindowException: Unable to find elements on closed window\nBuild info: version: \u00273.7.1\u0027, revision: \u00278a0099a\u0027, time: \u00272017-11-06T21:07:36.161Z\u0027\nSystem info: host: \u0027DESKTOP-O5SIUU5\u0027, ip: \u0027192.168.210.2\u0027, os.name: \u0027Windows 10\u0027, os.arch: \u0027amd64\u0027, os.version: \u002710.0\u0027, java.version: \u00271.8.0_102\u0027\nDriver info: com.kms.katalon.selenium.driver.CInternetExplorerDriver\nCapabilities {acceptInsecureCerts: false, browserName: internet explorer, browserVersion: 11, javascriptEnabled: true, pageLoadStrategy: normal, platform: WINDOWS, platformName: WINDOWS, se:ieOptions: {browserAttachTimeout: 0, elementScrollBehavior: 0, enablePersistentHover: true, ie.browserCommandLineSwitches: , ie.ensureCleanSession: false, ie.fileUploadDialogTimeout: 3000, ie.forceCreateProcessApi: false, ignoreProtectedModeSettings: false, ignoreZoomSetting: false, initialBrowserUrl: http://localhost:42239/, nativeEvents: true, requireWindowFocus: false}, setWindowRect: true}\nSession ID: 15d66c25-99f9-475b-ab63-af1c35cd3302\n*** Element info: {Using\u003dxpath, value\u003did(\"userName\")/p[1]/input[1]})","description":"","startTime":1530764782262,"endTime":1530764795685,"childRecords":[{"isOptional":false,"type":"TEST_CASE","name":"Test Cases/WebRegressionTest","id":"Test Cases/WebRegressionTest","source":"C:\\\\Users\\\\Acer\\\\Katalon Studio\\\\KatalonTutorial\\\\Test Cases\\\\WebRegressionTest.tc","message":"Test Cases/WebRegressionTest FAILED because (of) Unable to set text \u0027Yangjee\u0027 of object \u0027Object Repository/Page_Execute Automation/input_UserName\u0027 (Root cause: org.openqa.selenium.NoSuchWindowException: Unable to find elements on closed window\nBuild info: version: \u00273.7.1\u0027, revision: \u00278a0099a\u0027, time: \u00272017-11-06T21:07:36.161Z\u0027\nSystem info: host: \u0027DESKTOP-O5SIUU5\u0027, ip: \u0027192.168.210.2\u0027, os.name: \u0027Windows 10\u0027, os.arch: \u0027amd64\u0027, os.version: \u002710.0\u0027, java.version: \u00271.8.0_102\u0027\nDriver info: com.kms.katalon.selenium.driver.CInternetExplorerDriver\nCapabilities {acceptInsecureCerts: false, browserName: internet explorer, browserVersion: 11, javascriptEnabled: true, pageLoadStrategy: normal, platform: WINDOWS, platformName: WINDOWS, se:ieOptions: {browserAttachTimeout: 0, elementScrollBehavior: 0, enablePersistentHover: true, ie.browserCommandLineSwitches: , ie.ensureCleanSession: false, ie.fileUploadDialogTimeout: 3000, ie.forceCreateProcessApi: false, ignoreProtectedModeSettings: false, ignoreZoomSetting: false, initialBrowserUrl: http://localhost:42239/, nativeEvents: true, requireWindowFocus: false}, setWindowRect: true}\nSession ID: 15d66c25-99f9-475b-ab63-af1c35cd3302\n*** Element info: {Using\u003dxpath, value\u003did(\"userName\")/p[1]/input[1]})","description":"","startTime":1530764783615,"endTime":1530764795642,"childRecords":[{"testStatus":{"stackTrace":"","statusValue":"INFO"},"type":"MESSAGE","name":"","message":"Evaluating variables for test case","startTime":1530764783674,"endTime":0,"childRecords":[],"interuppted":false},{"index":-1,"isIgnoredIfFailed":false,"type":"TEST_STEP","name":"Start listener action : sampleBeforeTestCase","message":"Browser is opened with url: \u0027http://executeautomation.com/demosite/Login.html\u0027","description":"","startTime":1530764783677,"endTime":1530764792609,"childRecords":[{"index":1,"isIgnoredIfFailed":false,"type":"TEST_STEP","name":"Statement - println(testCaseContext.getTestCaseId())","description":"","startTime":1530764783679,"endTime":1530764783698,"childRecords":[],"interuppted":false},{"index":2,"isIgnoredIfFailed":false,"type":"TEST_STEP","name":"Statement - println(testCaseContext.getTestCaseVariables())","description":"","startTime":1530764783699,"endTime":1530764783711,"childRecords":[],"interuppted":false},{"index":3,"isIgnoredIfFailed":false,"type":"TEST_STEP","name":"openBrowser","message":"Browser is opened with url: \u0027http://executeautomation.com/demosite/Login.html\u0027","description":"","startTime":1530764783712,"endTime":1530764792608,"childRecords":[{"testStatus":{"stackTrace":"","statusValue":"PASSED"},"type":"MESSAGE","name":"","message":"Browser is opened with url: \u0027http://executeautomation.com/demosite/Login.html\u0027","startTime":1530764792606,"endTime":0,"childRecords":[],"interuppted":false}],"interuppted":false}],"interuppted":false},{"index":1,"isIgnoredIfFailed":false,"type":"TEST_STEP","name":"Statement - For ([i \u003d 1, i \u003c\u003d com.kms.katalon.core.testdata.TestDataFactory.findTestData(user_details).getRowNumbers(), (i++)])","message":"Reading excel file with source file \u0027C:\\Users\\Acer\\Desktop\\user_details.xlsx\u0027 and sheet name \u0027Sheet1\u0027","description":"","startTime":1530764792966,"endTime":1530764794833,"childRecords":[{"index":1,"isIgnoredIfFailed":false,"type":"TEST_STEP","name":"Statement - user_detail(com.kms.katalon.core.testdata.TestDataFactory.findTestData(user_details).getValue(\"Username\", i), com.kms.katalon.core.testdata.TestDataFactory.findTestData(user_details).getValue(\"Password\", i))","message":"Reading excel file with source file \u0027C:\\Users\\Acer\\Desktop\\user_details.xlsx\u0027 and sheet name \u0027Sheet1\u0027","description":"","startTime":1530764794473,"endTime":1530764794833,"childRecords":[],"interuppted":false}],"interuppted":false},{"index":1,"isIgnoredIfFailed":false,"type":"TEST_STEP","name":"setText","message":"Unable to set text \u0027Yangjee\u0027 of object \u0027Object Repository/Page_Execute Automation/input_UserName\u0027 (Root cause: org.openqa.selenium.NoSuchWindowException: Unable to find elements on closed window\nBuild info: version: \u00273.7.1\u0027, revision: \u00278a0099a\u0027, time: \u00272017-11-06T21:07:36.161Z\u0027\nSystem info: host: \u0027DESKTOP-O5SIUU5\u0027, ip: \u0027192.168.210.2\u0027, os.name: \u0027Windows 10\u0027, os.arch: \u0027amd64\u0027, os.version: \u002710.0\u0027, java.version: \u00271.8.0_102\u0027\nDriver info: com.kms.katalon.selenium.driver.CInternetExplorerDriver\nCapabilities {acceptInsecureCerts: false, browserName: internet explorer, browserVersion: 11, javascriptEnabled: true, pageLoadStrategy: normal, platform: WINDOWS, platformName: WINDOWS, se:ieOptions: {browserAttachTimeout: 0, elementScrollBehavior: 0, enablePersistentHover: true, ie.browserCommandLineSwitches: , ie.ensureCleanSession: false, ie.fileUploadDialogTimeout: 3000, ie.forceCreateProcessApi: false, ignoreProtectedModeSettings: false, ignoreZoomSetting: false, initialBrowserUrl: http://localhost:42239/, nativeEvents: true, requireWindowFocus: false}, setWindowRect: true}\nSession ID: 15d66c25-99f9-475b-ab63-af1c35cd3302\n*** Element info: {Using\u003dxpath, value\u003did(\"userName\")/p[1]/input[1]})","description":"","startTime":1530764794834,"endTime":1530764794991,"childRecords":[{"testStatus":{"stackTrace":"","statusValue":"WARNING"},"type":"MESSAGE","name":"","message":"Cannot take screenshot","startTime":1530764794985,"endTime":0,"childRecords":[],"interuppted":false},{"testStatus":{"stackTrace":"","statusValue":"FAILED"},"type":"MESSAGE","name":"","message":"Unable to set text \u0027Yangjee\u0027 of object \u0027Object Repository/Page_Execute Automation/input_UserName\u0027 (Root cause: org.openqa.selenium.NoSuchWindowException: Unable to find elements on closed window\nBuild info: version: \u00273.7.1\u0027, revision: \u00278a0099a\u0027, time: \u00272017-11-06T21:07:36.161Z\u0027\nSystem info: host: \u0027DESKTOP-O5SIUU5\u0027, ip: \u0027192.168.210.2\u0027, os.name: \u0027Windows 10\u0027, os.arch: \u0027amd64\u0027, os.version: \u002710.0\u0027, java.version: \u00271.8.0_102\u0027\nDriver info: com.kms.katalon.selenium.driver.CInternetExplorerDriver\nCapabilities {acceptInsecureCerts: false, browserName: internet explorer, browserVersion: 11, javascriptEnabled: true, pageLoadStrategy: normal, platform: WINDOWS, platformName: WINDOWS, se:ieOptions: {browserAttachTimeout: 0, elementScrollBehavior: 0, enablePersistentHover: true, ie.browserCommandLineSwitches: , ie.ensureCleanSession: false, ie.fileUploadDialogTimeout: 3000, ie.forceCreateProcessApi: false, ignoreProtectedModeSettings: false, ignoreZoomSetting: false, initialBrowserUrl: http://localhost:42239/, nativeEvents: true, requireWindowFocus: false}, setWindowRect: true}\nSession ID: 15d66c25-99f9-475b-ab63-af1c35cd3302\n*** Element info: {Using\u003dxpath, value\u003did(\"userName\")/p[1]/input[1]})","startTime":1530764794990,"endTime":0,"childRecords":[],"interuppted":false}],"interuppted":false},{"testStatus":{"stackTrace":"","statusValue":"FAILED"},"type":"MESSAGE","name":"","message":"Test Cases/WebRegressionTest FAILED because (of) Unable to set text \u0027Yangjee\u0027 of object \u0027Object Repository/Page_Execute Automation/input_UserName\u0027 (Root cause: org.openqa.selenium.NoSuchWindowException: Unable to find elements on closed window\nBuild info: version: \u00273.7.1\u0027, revision: \u00278a0099a\u0027, time: \u00272017-11-06T21:07:36.161Z\u0027\nSystem info: host: \u0027DESKTOP-O5SIUU5\u0027, ip: \u0027192.168.210.2\u0027, os.name: \u0027Windows 10\u0027, os.arch: \u0027amd64\u0027, os.version: \u002710.0\u0027, java.version: \u00271.8.0_102\u0027\nDriver info: com.kms.katalon.selenium.driver.CInternetExplorerDriver\nCapabilities {acceptInsecureCerts: false, browserName: internet explorer, browserVersion: 11, javascriptEnabled: true, pageLoadStrategy: normal, platform: WINDOWS, platformName: WINDOWS, se:ieOptions: {browserAttachTimeout: 0, elementScrollBehavior: 0, enablePersistentHover: true, ie.browserCommandLineSwitches: , ie.ensureCleanSession: false, ie.fileUploadDialogTimeout: 3000, ie.forceCreateProcessApi: false, ignoreProtectedModeSettings: false, ignoreZoomSetting: false, initialBrowserUrl: http://localhost:42239/, nativeEvents: true, requireWindowFocus: false}, setWindowRect: true}\nSession ID: 15d66c25-99f9-475b-ab63-af1c35cd3302\n*** Element info: {Using\u003dxpath, value\u003did(\"userName\")/p[1]/input[1]})","startTime":1530764794992,"endTime":0,"childRecords":[],"interuppted":false},{"index":-1,"isIgnoredIfFailed":false,"type":"TEST_STEP","name":"Start listener action : sampleAfterTestCase","message":"Browser is closed","description":"","startTime":1530764794996,"endTime":1530764795642,"childRecords":[{"index":1,"isIgnoredIfFailed":false,"type":"TEST_STEP","name":"Statement - println(testCaseContext.getTestCaseId())","description":"","startTime":1530764794996,"endTime":1530764794999,"childRecords":[],"interuppted":false},{"index":2,"isIgnoredIfFailed":false,"type":"TEST_STEP","name":"Statement - println(testCaseContext.getTestCaseStatus())","description":"","startTime":1530764795001,"endTime":1530764795004,"childRecords":[],"interuppted":false},{"index":3,"isIgnoredIfFailed":false,"type":"TEST_STEP","name":"closeBrowser","message":"Browser is closed","description":"","startTime":1530764795004,"endTime":1530764795642,"childRecords":[{"testStatus":{"stackTrace":"","statusValue":"PASSED"},"type":"MESSAGE","name":"","message":"Browser is closed","startTime":1530764795641,"endTime":0,"childRecords":[],"interuppted":false}],"interuppted":false}],"interuppted":false}],"interuppted":false}],"interuppted":false}